<?xml version="1.0" encoding="UTF-8"?>
<!-- Generated by org.testng.reporters.JUnitReportReporter -->
<testsuite hostname="IBM-5CNJKM3" failures="0" tests="4" name="searchPage.SearchMail" time="59.781" errors="0" timestamp="2023-08-08T13:22:29 IST" skipped="0">
  <testcase classname="searchPage.SearchMail" name="enter_customer_EMail" time="13.529"/>
  <system-out/>
  <testcase classname="searchPage.SearchMail" name="enter_customer_EMail" time="13.662"/>
  <system-out/>
  <testcase classname="searchPage.SearchMail" name="enter_customer_EMail" time="13.844"/>
  <system-out/>
  <testcase classname="searchPage.SearchMail" name="enter_customer_EMail" time="18.746"/>
  <system-out/>
</testsuite> <!-- searchPage.SearchMail -->
